Using pre-set license
Built from '2022.3/staging' branch; Version is '2022.3.33f1 (b2c853adf198) revision 11716691'; Using compiler version '192829333'; Build Type 'Release'
OS: 'Windows 11  (10.0.26100) 64bit Core' Language: 'en' Physical Memory: 14188 MB
BatchMode: 1, IsHumanControllingUs: 0, StartBugReporterOnCrash: 0, Is64bit: 1, IsPro: 1

COMMAND LINE ARGUMENTS:
C:\Program Files\Unity\Hub\Editor\2022.3.33f1\Editor\Unity.exe
-adb2
-batchMode
-noUpm
-name
AssetImportWorker6
-projectPath
C:/Users/arian/desktop/RTBFixtFin/RecicleTrashBash-FIXTFIN/RecicleTrashBash! - FINAL Prog Sims
-logFile
Logs/AssetImportWorker6.log
-srvPort
55683
Successfully changed project path to: C:/Users/arian/desktop/RTBFixtFin/RecicleTrashBash-FIXTFIN/RecicleTrashBash! - FINAL Prog Sims
C:/Users/arian/desktop/RTBFixtFin/RecicleTrashBash-FIXTFIN/RecicleTrashBash! - FINAL Prog Sims
[UnityMemory] Configuration Parameters - Can be set up in boot.config
    "memorysetup-bucket-allocator-granularity=16"
    "memorysetup-bucket-allocator-bucket-count=8"
    "memorysetup-bucket-allocator-block-size=33554432"
    "memorysetup-bucket-allocator-block-count=8"
    "memorysetup-main-allocator-block-size=16777216"
    "memorysetup-thread-allocator-block-size=16777216"
    "memorysetup-gfx-main-allocator-block-size=16777216"
    "memorysetup-gfx-thread-allocator-block-size=16777216"
    "memorysetup-cache-allocator-block-size=4194304"
    "memorysetup-typetree-allocator-block-size=2097152"
    "memorysetup-profiler-bucket-allocator-granularity=16"
    "memorysetup-profiler-bucket-allocator-bucket-count=8"
    "memorysetup-profiler-bucket-allocator-block-size=33554432"
    "memorysetup-profiler-bucket-allocator-block-count=8"
    "memorysetup-profiler-allocator-block-size=16777216"
    "memorysetup-profiler-editor-allocator-block-size=1048576"
    "memorysetup-temp-allocator-size-main=16777216"
    "memorysetup-job-temp-allocator-block-size=2097152"
    "memorysetup-job-temp-allocator-block-size-background=1048576"
    "memorysetup-job-temp-allocator-reduction-small-platforms=262144"
    "memorysetup-allocator-temp-initial-block-size-main=262144"
    "memorysetup-allocator-temp-initial-block-size-worker=262144"
    "memorysetup-temp-allocator-size-background-worker=32768"
    "memorysetup-temp-allocator-size-job-worker=262144"
    "memorysetup-temp-allocator-size-preload-manager=33554432"
    "memorysetup-temp-allocator-size-nav-mesh-worker=65536"
    "memorysetup-temp-allocator-size-audio-worker=65536"
    "memorysetup-temp-allocator-size-cloud-worker=32768"
    "memorysetup-temp-allocator-size-gi-baking-worker=262144"
    "memorysetup-temp-allocator-size-gfx=262144"
Player connection [1972] Host "[IP] 10.0.0.53 [Port] 0 [Flags] 2 [Guid] 1688393767 [EditorId] 1688393767 [Version] 1048832 [Id] WindowsEditor(7,ARIANA) [Debug] 1 [PackageName] WindowsEditor [ProjectName] Editor" joined multi-casting on [225.0.0.222:54997]...

Player connection [1972] Host "[IP] 10.0.0.53 [Port] 0 [Flags] 2 [Guid] 1688393767 [EditorId] 1688393767 [Version] 1048832 [Id] WindowsEditor(7,ARIANA) [Debug] 1 [PackageName] WindowsEditor [ProjectName] Editor" joined alternative multi-casting on [225.0.0.222:34997]...

[PhysX] Initialized MultithreadedTaskDispatcher with 16 workers.
Refreshing native plugins compatible for Editor in 0.00 ms, found 0 plugins.
Preloading 0 native plugins for Editor in 0.00 ms.
Initialize engine version: 2022.3.33f1 (b2c853adf198)
[Subsystems] Discovering subsystems at path C:/Program Files/Unity/Hub/Editor/2022.3.33f1/Editor/Data/Resources/UnitySubsystems
[Subsystems] Discovering subsystems at path C:/Users/arian/desktop/RTBFixtFin/RecicleTrashBash-FIXTFIN/RecicleTrashBash! - FINAL Prog Sims/Assets
GfxDevice: creating device client; threaded=0; jobified=0
Direct3D:
    Version:  Direct3D 11.0 [level 11.1]
    Renderer: NVIDIA GeForce RTX 3050 Ti Laptop GPU (ID=0x25e0)
    Vendor:   NVIDIA
    VRAM:     3962 MB
    Driver:   32.0.15.6590
Initialize mono
Mono path[0] = 'C:/Program Files/Unity/Hub/Editor/2022.3.33f1/Editor/Data/Managed'
Mono path[1] = 'C:/Program Files/Unity/Hub/Editor/2022.3.33f1/Editor/Data/MonoBleedingEdge/lib/mono/unityjit-win32'
Mono config path = 'C:/Program Files/Unity/Hub/Editor/2022.3.33f1/Editor/Data/MonoBleedingEdge/etc'
Using monoOptions --debugger-agent=transport=dt_socket,embedding=1,server=y,suspend=n,address=127.0.0.1:56732
Begin MonoManager ReloadAssembly
Registering precompiled unity dll's ...
Register platform support module: C:/Program Files/Unity/Hub/Editor/2022.3.33f1/Editor/Data/PlaybackEngines/WindowsStandaloneSupport/UnityEditor.WindowsStandalone.Extensions.dll
Register platform support module: C:/Program Files/Unity/Hub/Editor/2022.3.33f1/Editor/Data/PlaybackEngines/MetroSupport/UnityEditor.UWP.Extensions.dll
Registered in 0.012000 seconds.
- Loaded All Assemblies, in  0.468 seconds
Native extension for UWP target not found
Native extension for WindowsStandalone target not found
Mono: successfully reloaded assembly
- Finished resetting the current domain, in  0.365 seconds
Domain Reload Profiling: 831ms
	BeginReloadAssembly (152ms)
		ExecutionOrderSort (0ms)
		DisableScriptedObjects (0ms)
		BackupInstance (0ms)
		ReleaseScriptingObjects (0ms)
		CreateAndSetChildDomain (1ms)
	RebuildCommonClasses (38ms)
	RebuildNativeTypeToScriptingClass (14ms)
	initialDomainReloadingComplete (78ms)
	LoadAllAssembliesAndSetupDomain (183ms)
		LoadAssemblies (148ms)
		RebuildTransferFunctionScriptingTraits (0ms)
		AnalyzeDomain (180ms)
			TypeCache.Refresh (177ms)
				TypeCache.ScanAssembly (158ms)
			ScanForSourceGeneratedMonoScriptInfo (1ms)
			ResolveRequiredComponents (1ms)
	FinalizeReload (366ms)
		ReleaseScriptCaches (0ms)
		RebuildScriptCaches (0ms)
		SetupLoadedEditorAssemblies (293ms)
			LogAssemblyErrors (0ms)
			InitializePlatformSupportModulesInManaged (16ms)
			SetLoadedEditorAssemblies (6ms)
			RefreshPlugins (0ms)
			BeforeProcessingInitializeOnLoad (2ms)
			ProcessInitializeOnLoadAttributes (204ms)
			ProcessInitializeOnLoadMethodAttributes (64ms)
			AfterProcessingInitializeOnLoad (0ms)
			EditorAssembliesLoaded (0ms)
		ExecutionOrderSort2 (0ms)
		AwakeInstancesAfterBackupRestoration (0ms)
========================================================================
Worker process is ready to serve import requests
Begin MonoManager ReloadAssembly
- Loaded All Assemblies, in  0.261 seconds
Refreshing native plugins compatible for Editor in 0.00 ms, found 0 plugins.
Native extension for UWP target not found
Native extension for WindowsStandalone target not found
Mono: successfully reloaded assembly
- Finished resetting the current domain, in  0.402 seconds
Domain Reload Profiling: 660ms
	BeginReloadAssembly (167ms)
		ExecutionOrderSort (0ms)
		DisableScriptedObjects (7ms)
		BackupInstance (0ms)
		ReleaseScriptingObjects (0ms)
		CreateAndSetChildDomain (25ms)
	RebuildCommonClasses (39ms)
	RebuildNativeTypeToScriptingClass (11ms)
	initialDomainReloadingComplete (28ms)
	LoadAllAssembliesAndSetupDomain (13ms)
		LoadAssemblies (96ms)
		RebuildTransferFunctionScriptingTraits (0ms)
		AnalyzeDomain (8ms)
			TypeCache.Refresh (6ms)
				TypeCache.ScanAssembly (1ms)
			ScanForSourceGeneratedMonoScriptInfo (1ms)
			ResolveRequiredComponents (1ms)
	FinalizeReload (403ms)
		ReleaseScriptCaches (0ms)
		RebuildScriptCaches (0ms)
		SetupLoadedEditorAssemblies (261ms)
			LogAssemblyErrors (0ms)
			InitializePlatformSupportModulesInManaged (9ms)
			SetLoadedEditorAssemblies (8ms)
			RefreshPlugins (0ms)
			BeforeProcessingInitializeOnLoad (36ms)
			ProcessInitializeOnLoadAttributes (172ms)
			ProcessInitializeOnLoadMethodAttributes (26ms)
			AfterProcessingInitializeOnLoad (10ms)
			EditorAssembliesLoaded (0ms)
		ExecutionOrderSort2 (0ms)
		AwakeInstancesAfterBackupRestoration (7ms)
Launched and connected shader compiler UnityShaderCompiler.exe after 0.07 seconds
Refreshing native plugins compatible for Editor in 0.00 ms, found 0 plugins.
Preloading 0 native plugins for Editor in 0.00 ms.
Unloading 110 Unused Serialized files (Serialized files now loaded: 0)
Unloading 7 unused Assets / (338.2 KB). Loaded Objects now: 581.
Memory consumption went from 60.8 MB to 60.5 MB.
Total: 3.437000 ms (FindLiveObjects: 0.060800 ms CreateObjectMapping: 0.007800 ms MarkObjects: 3.185700 ms  DeleteObjects: 0.181600 ms)

AssetImportParameters requested are different than current active one (requested -> active):
  custom:video-encoder-webm-vp8: eb34c28f22e8b96e1ab97ce403110664 -> 
  custom:audio-encoder-webm-vorbis: bf7c407c2cedff20999df2af8eb42d56 -> 
  custom:video-decoder-webm-vp8: 9c59270c3fd7afecdb556c50c9e8de78 -> 
  custom:container-demuxer-webm: 4f35f7cbe854078d1ac9338744f61a02 -> 
  custom:SearchIndexIgnoredProperties: e643bd26f0fe6173181afceb89e7c659 -> 
  custom:container-muxer-webm: aa71ff27fc2769a1b78a27578f13a17b -> 
  custom:video-codec-MediaFoundation-h265: 746d11721c4dcdbdad8f713fa42b33f4 -> 
  custom:container-demuxer-ogg: 62fdf1f143b41e24485cea50d1cbac27 -> 
  custom:audio-decoder-ogg-vorbis: bf7c407c2cedff20999df2af8eb42d56 -> 
  custom:AudioImporter_EditorPlatform: d09bf68614088b80899f8185d706f6e7 -> 
  custom:video-decoder-ogg-theora: a1e56fd34408186e4bbccfd4996cb3dc -> 
  custom:CustomObjectIndexerAttribute: 9a22284fe3817be447336de3de66b15e -> 
  custom:framework-win-MediaFoundation: 216162199b28c13a410421893ffa2e32 -> 
========================================================================
Received Import Request.
  Time since last request: 473487.951773 seconds.
  path: Assets/Food Pack-Demo/Prefabs/Salami slice A.prefab
  artifactKey: Guid(d64228cdf4658ad43a6702d0bfb35387) Importer(2089858483,0ecaa5967403d082aa24f35e1b516d23)
Start importing Assets/Food Pack-Demo/Prefabs/Salami slice A.prefab using Guid(d64228cdf4658ad43a6702d0bfb35387) Importer(2089858483,0ecaa5967403d082aa24f35e1b516d23) [PhysX] Initialized MultithreadedTaskDispatcher with 16 workers.
 -> (artifact id: '5371e47f9c96b94efeeac59562c2024d') in 0.160702 seconds
Number of updated asset objects reloaded before import = 0
Number of asset objects unloaded after import = 7
========================================================================
Received Import Request.
  Time since last request: 0.000018 seconds.
  path: Assets/Low Poly 3D Garbage & Tow Trucks/Textures/Head_light_effect.png
  artifactKey: Guid(8b3fc4d55f2f0e44eb3193841fb61cae) Importer(2089858483,0ecaa5967403d082aa24f35e1b516d23)
Start importing Assets/Low Poly 3D Garbage & Tow Trucks/Textures/Head_light_effect.png using Guid(8b3fc4d55f2f0e44eb3193841fb61cae) Importer(2089858483,0ecaa5967403d082aa24f35e1b516d23) [PhysX] Initialized MultithreadedTaskDispatcher with 16 workers.
 -> (artifact id: '75bbc4cea6808889a131767dc51518ef') in 0.054884 seconds
Number of updated asset objects reloaded before import = 0
Number of asset objects unloaded after import = 1
========================================================================
Received Import Request.
  Time since last request: 0.000056 seconds.
  path: Assets/Low Poly 3D Garbage & Tow Trucks/PostProcessing/Editor/PropertyDrawers/TrackballGroupDrawer.cs
  artifactKey: Guid(a668d493c5ed56d448b53c19b2c3dfd2) Importer(2089858483,0ecaa5967403d082aa24f35e1b516d23)
Start importing Assets/Low Poly 3D Garbage & Tow Trucks/PostProcessing/Editor/PropertyDrawers/TrackballGroupDrawer.cs using Guid(a668d493c5ed56d448b53c19b2c3dfd2) Importer(2089858483,0ecaa5967403d082aa24f35e1b516d23) [PhysX] Initialized MultithreadedTaskDispatcher with 16 workers.
 -> (artifact id: '9348166900f38244804436d5c684625a') in 0.006020 seconds
Number of updated asset objects reloaded before import = 0
Number of asset objects unloaded after import = 1
========================================================================
Received Import Request.
  Time since last request: 0.000016 seconds.
  path: Assets/Low Poly 3D Garbage & Tow Trucks/Textures/Garbage_Truck.png
  artifactKey: Guid(ac419086ecee6794cb5b8426282699dd) Importer(2089858483,0ecaa5967403d082aa24f35e1b516d23)
Start importing Assets/Low Poly 3D Garbage & Tow Trucks/Textures/Garbage_Truck.png using Guid(ac419086ecee6794cb5b8426282699dd) Importer(2089858483,0ecaa5967403d082aa24f35e1b516d23) [PhysX] Initialized MultithreadedTaskDispatcher with 16 workers.
 -> (artifact id: '9c74243f55215dca8107326e9d0b9dfd') in 0.024858 seconds
Number of updated asset objects reloaded before import = 0
Number of asset objects unloaded after import = 1
========================================================================
Received Import Request.
  Time since last request: 0.000110 seconds.
  path: Assets/Low Poly 3D Garbage & Tow Trucks/PostProcessing/Editor/Utils/CurveEditor.cs
  artifactKey: Guid(afb349ef0bffd144db2bdd25630f648e) Importer(2089858483,0ecaa5967403d082aa24f35e1b516d23)
Start importing Assets/Low Poly 3D Garbage & Tow Trucks/PostProcessing/Editor/Utils/CurveEditor.cs using Guid(afb349ef0bffd144db2bdd25630f648e) Importer(2089858483,0ecaa5967403d082aa24f35e1b516d23) [PhysX] Initialized MultithreadedTaskDispatcher with 16 workers.
 -> (artifact id: '8c15eeae04851e82984fbecc40c744be') in 0.004743 seconds
Number of updated asset objects reloaded before import = 0
Number of asset objects unloaded after import = 1
========================================================================
Received Import Request.
  Time since last request: 0.000031 seconds.
  path: Assets/Low Poly 3D Garbage & Tow Trucks/PostProcessing/Editor/Monitors/ParadeMonitor.cs
  artifactKey: Guid(b1f878f3742072e40a280683573bd0ee) Importer(2089858483,0ecaa5967403d082aa24f35e1b516d23)
Start importing Assets/Low Poly 3D Garbage & Tow Trucks/PostProcessing/Editor/Monitors/ParadeMonitor.cs using Guid(b1f878f3742072e40a280683573bd0ee) Importer(2089858483,0ecaa5967403d082aa24f35e1b516d23) [PhysX] Initialized MultithreadedTaskDispatcher with 16 workers.
 -> (artifact id: 'de82f4ee214011635bc1374876a76eba') in 0.003903 seconds
Number of updated asset objects reloaded before import = 0
Number of asset objects unloaded after import = 1
========================================================================
Received Import Request.
  Time since last request: 0.000054 seconds.
  path: Assets/Palmov Island/Low Poly Environment Park/guideline.pdf
  artifactKey: Guid(9f76b86af9fa64cc9bb1779869eeb06d) Importer(2089858483,0ecaa5967403d082aa24f35e1b516d23)
Start importing Assets/Palmov Island/Low Poly Environment Park/guideline.pdf using Guid(9f76b86af9fa64cc9bb1779869eeb06d) Importer(2089858483,0ecaa5967403d082aa24f35e1b516d23) [PhysX] Initialized MultithreadedTaskDispatcher with 16 workers.
 -> (artifact id: 'ef7e6248075fb4b725b70c9c6b2867a3') in 0.003704 seconds
Number of updated asset objects reloaded before import = 0
Number of asset objects unloaded after import = 1
========================================================================
Received Import Request.
  Time since last request: 0.000036 seconds.
  path: Assets/Low Poly 3D Garbage & Tow Trucks/PostProcessing/Editor/Monitors/WaveformMonitor.cs
  artifactKey: Guid(2d45bc7edb5916446b4fa1ae1b6f9065) Importer(2089858483,0ecaa5967403d082aa24f35e1b516d23)
Start importing Assets/Low Poly 3D Garbage & Tow Trucks/PostProcessing/Editor/Monitors/WaveformMonitor.cs using Guid(2d45bc7edb5916446b4fa1ae1b6f9065) Importer(2089858483,0ecaa5967403d082aa24f35e1b516d23) [PhysX] Initialized MultithreadedTaskDispatcher with 16 workers.
 -> (artifact id: '5be32d9862e89089cdf54a1c4c46c88c') in 0.004149 seconds
Number of updated asset objects reloaded before import = 0
Number of asset objects unloaded after import = 1
========================================================================
Received Import Request.
  Time since last request: 0.000023 seconds.
  path: Assets/Low Poly 3D Garbage & Tow Trucks/PostProcessing/Editor/Models/DefaultPostFxModelEditor.cs
  artifactKey: Guid(c15016a7fef58974f91a6a4d6b132d94) Importer(2089858483,0ecaa5967403d082aa24f35e1b516d23)
Start importing Assets/Low Poly 3D Garbage & Tow Trucks/PostProcessing/Editor/Models/DefaultPostFxModelEditor.cs using Guid(c15016a7fef58974f91a6a4d6b132d94) Importer(2089858483,0ecaa5967403d082aa24f35e1b516d23) [PhysX] Initialized MultithreadedTaskDispatcher with 16 workers.
 -> (artifact id: '5c36dc624c8ce256a669a0f49a0f97bc') in 0.005474 seconds
Number of updated asset objects reloaded before import = 0
Number of asset objects unloaded after import = 1
========================================================================
Received Import Request.
  Time since last request: 0.000033 seconds.
  path: Assets/Low Poly 3D Garbage & Tow Trucks/PostProcessing/Editor/Models/ChromaticAberrationEditor.cs
  artifactKey: Guid(8a713f71a0169794a915a081f6242f60) Importer(2089858483,0ecaa5967403d082aa24f35e1b516d23)
Start importing Assets/Low Poly 3D Garbage & Tow Trucks/PostProcessing/Editor/Models/ChromaticAberrationEditor.cs using Guid(8a713f71a0169794a915a081f6242f60) Importer(2089858483,0ecaa5967403d082aa24f35e1b516d23) [PhysX] Initialized MultithreadedTaskDispatcher with 16 workers.
 -> (artifact id: 'a5b1f6d9d7b82a1fcab88db820765dd2') in 0.006177 seconds
Number of updated asset objects reloaded before import = 0
Number of asset objects unloaded after import = 1
========================================================================
Received Import Request.
  Time since last request: 0.000020 seconds.
  path: Assets/Food Pack-Demo/Prefabs with colliders/Unagi.prefab
  artifactKey: Guid(b2744511d94e11548aa4532f38d2400e) Importer(2089858483,0ecaa5967403d082aa24f35e1b516d23)
Start importing Assets/Food Pack-Demo/Prefabs with colliders/Unagi.prefab using Guid(b2744511d94e11548aa4532f38d2400e) Importer(2089858483,0ecaa5967403d082aa24f35e1b516d23) [PhysX] Initialized MultithreadedTaskDispatcher with 16 workers.
 -> (artifact id: '9cf809f72d946c6691f3a0eb7ee59827') in 0.016767 seconds
Number of updated asset objects reloaded before import = 0
Number of asset objects unloaded after import = 10
========================================================================
Received Import Request.
  Time since last request: 0.000019 seconds.
  path: Assets/Parks And Nature Pack/DataSource/Textures/Tree1_mt2_D.TGA
  artifactKey: Guid(0937cf2b1a3afa94084e1d5d6e1ace64) Importer(2089858483,0ecaa5967403d082aa24f35e1b516d23)
Start importing Assets/Parks And Nature Pack/DataSource/Textures/Tree1_mt2_D.TGA using Guid(0937cf2b1a3afa94084e1d5d6e1ace64) Importer(2089858483,0ecaa5967403d082aa24f35e1b516d23) [PhysX] Initialized MultithreadedTaskDispatcher with 16 workers.
 -> (artifact id: '429595ca0fd663c4f70d7de77b38a149') in 0.010537 seconds
Number of updated asset objects reloaded before import = 0
Number of asset objects unloaded after import = 1
========================================================================
Received Import Request.
  Time since last request: 0.000031 seconds.
  path: Assets/Palmov Island/Low Poly Environment Park/Scenes/Environment.unity
  artifactKey: Guid(30c8eccd784a84884ac853b16ea8e42f) Importer(2089858483,0ecaa5967403d082aa24f35e1b516d23)
Start importing Assets/Palmov Island/Low Poly Environment Park/Scenes/Environment.unity using Guid(30c8eccd784a84884ac853b16ea8e42f) Importer(2089858483,0ecaa5967403d082aa24f35e1b516d23) [PhysX] Initialized MultithreadedTaskDispatcher with 16 workers.
 -> (artifact id: '2495cb6e758409dc2f788053a87bb68a') in 0.002935 seconds
Number of updated asset objects reloaded before import = 0
Number of asset objects unloaded after import = 1
========================================================================
Received Import Request.
  Time since last request: 0.000067 seconds.
  path: Assets/Palmov Island/Low Poly Environment Park/Scenes/Park grounds.unity
  artifactKey: Guid(d88da8b0d7bd744458d2eadd0e7bdf8b) Importer(2089858483,0ecaa5967403d082aa24f35e1b516d23)
Start importing Assets/Palmov Island/Low Poly Environment Park/Scenes/Park grounds.unity using Guid(d88da8b0d7bd744458d2eadd0e7bdf8b) Importer(2089858483,0ecaa5967403d082aa24f35e1b516d23) [PhysX] Initialized MultithreadedTaskDispatcher with 16 workers.
 -> (artifact id: '603180bfeee0721be1eacb849c549eea') in 0.003417 seconds
Number of updated asset objects reloaded before import = 0
Number of asset objects unloaded after import = 1
========================================================================
Received Import Request.
  Time since last request: 0.000063 seconds.
  path: Assets/Low Poly 3D Garbage & Tow Trucks/PostProcessing/Runtime/PostProcessingModel.cs
  artifactKey: Guid(28413153a26e53342baf1a7b2c3711c3) Importer(2089858483,0ecaa5967403d082aa24f35e1b516d23)
Start importing Assets/Low Poly 3D Garbage & Tow Trucks/PostProcessing/Runtime/PostProcessingModel.cs using Guid(28413153a26e53342baf1a7b2c3711c3) Importer(2089858483,0ecaa5967403d082aa24f35e1b516d23) [PhysX] Initialized MultithreadedTaskDispatcher with 16 workers.
 -> (artifact id: '20a1a02c889e07ea94828304c54f7300') in 0.004955 seconds
Number of updated asset objects reloaded before import = 0
Number of asset objects unloaded after import = 1
========================================================================
Received Import Request.
  Time since last request: 0.000034 seconds.
  path: Assets/Low Poly 3D Garbage & Tow Trucks/PostProcessing/Editor/Attributes/PostProcessingModelEditorAttribute.cs
  artifactKey: Guid(c21938aa988055347a2271f03a3e731e) Importer(2089858483,0ecaa5967403d082aa24f35e1b516d23)
Start importing Assets/Low Poly 3D Garbage & Tow Trucks/PostProcessing/Editor/Attributes/PostProcessingModelEditorAttribute.cs using Guid(c21938aa988055347a2271f03a3e731e) Importer(2089858483,0ecaa5967403d082aa24f35e1b516d23) [PhysX] Initialized MultithreadedTaskDispatcher with 16 workers.
 -> (artifact id: 'ae4df2b8431be94d09fe78ebc567304c') in 0.005980 seconds
Number of updated asset objects reloaded before import = 0
Number of asset objects unloaded after import = 1
========================================================================
Received Import Request.
  Time since last request: 0.000019 seconds.
  path: Assets/Low Poly 3D Garbage & Tow Trucks/PostProcessing/Editor/Utils/FxStyles.cs
  artifactKey: Guid(8f31cf52f05e80c4ea48570d0c3c8f59) Importer(2089858483,0ecaa5967403d082aa24f35e1b516d23)
Start importing Assets/Low Poly 3D Garbage & Tow Trucks/PostProcessing/Editor/Utils/FxStyles.cs using Guid(8f31cf52f05e80c4ea48570d0c3c8f59) Importer(2089858483,0ecaa5967403d082aa24f35e1b516d23) [PhysX] Initialized MultithreadedTaskDispatcher with 16 workers.
 -> (artifact id: 'cecfafcdb86975a90599e3b2a708ae5d') in 0.005402 seconds
Number of updated asset objects reloaded before import = 0
Number of asset objects unloaded after import = 1
========================================================================
Received Import Request.
  Time since last request: 0.000031 seconds.
  path: Assets/AllSkyFree/_AllSkyFreeDemoEnvironment/Materials/AllSkyDemoEnv_FlagGreen.mat
  artifactKey: Guid(0acfc71c325c54b92add0b07097b6c57) Importer(2089858483,0ecaa5967403d082aa24f35e1b516d23)
Start importing Assets/AllSkyFree/_AllSkyFreeDemoEnvironment/Materials/AllSkyDemoEnv_FlagGreen.mat using Guid(0acfc71c325c54b92add0b07097b6c57) Importer(2089858483,0ecaa5967403d082aa24f35e1b516d23) [PhysX] Initialized MultithreadedTaskDispatcher with 16 workers.
 -> (artifact id: '9fcbb21a9f9f2c4f22e439b5d7b60173') in 0.026961 seconds
Number of updated asset objects reloaded before import = 0
Number of asset objects unloaded after import = 1
========================================================================
Received Import Request.
  Time since last request: 0.000022 seconds.
  path: Assets/Palmov Island/Low Poly Environment Park/Scenes/Stones.unity
  artifactKey: Guid(9d45f1f106b1cb244b9b9f8de960dbf4) Importer(2089858483,0ecaa5967403d082aa24f35e1b516d23)
Start importing Assets/Palmov Island/Low Poly Environment Park/Scenes/Stones.unity using Guid(9d45f1f106b1cb244b9b9f8de960dbf4) Importer(2089858483,0ecaa5967403d082aa24f35e1b516d23) [PhysX] Initialized MultithreadedTaskDispatcher with 16 workers.
 -> (artifact id: '29bc9a06478357c986779d3fbe96bc5e') in 0.003579 seconds
Number of updated asset objects reloaded before import = 0
Number of asset objects unloaded after import = 1
========================================================================
Received Import Request.
  Time since last request: 0.000090 seconds.
  path: Assets/Food Pack-Demo/Prefabs with colliders/Udon.prefab
  artifactKey: Guid(43b3ec6962896124fb39cd3592facc75) Importer(2089858483,0ecaa5967403d082aa24f35e1b516d23)
Start importing Assets/Food Pack-Demo/Prefabs with colliders/Udon.prefab using Guid(43b3ec6962896124fb39cd3592facc75) Importer(2089858483,0ecaa5967403d082aa24f35e1b516d23) [PhysX] Initialized MultithreadedTaskDispatcher with 16 workers.
 -> (artifact id: 'd7d005c5252d3a37e3852d74a7d5d1cc') in 0.013575 seconds
Number of updated asset objects reloaded before import = 0
Number of asset objects unloaded after import = 10
========================================================================
Received Import Request.
  Time since last request: 0.000016 seconds.
  path: Assets/Palmov Island/Low Poly Environment Park/Materials/mat main.mat
  artifactKey: Guid(63ac02641efdf374788d7d14242bde68) Importer(2089858483,0ecaa5967403d082aa24f35e1b516d23)
Start importing Assets/Palmov Island/Low Poly Environment Park/Materials/mat main.mat using Guid(63ac02641efdf374788d7d14242bde68) Importer(2089858483,0ecaa5967403d082aa24f35e1b516d23) [PhysX] Initialized MultithreadedTaskDispatcher with 16 workers.
 -> (artifact id: 'f6609032e5660c9c86b54082a4cbb12c') in 0.006027 seconds
Number of updated asset objects reloaded before import = 0
Number of asset objects unloaded after import = 2
========================================================================
Received Import Request.
  Time since last request: 0.000015 seconds.
  path: Assets/Palmov Island/Low Poly Environment Park/Scenes/Park Scenes.unity
  artifactKey: Guid(e885862255c6eca44a2a3117bf44cf06) Importer(2089858483,0ecaa5967403d082aa24f35e1b516d23)
Start importing Assets/Palmov Island/Low Poly Environment Park/Scenes/Park Scenes.unity using Guid(e885862255c6eca44a2a3117bf44cf06) Importer(2089858483,0ecaa5967403d082aa24f35e1b516d23) [PhysX] Initialized MultithreadedTaskDispatcher with 16 workers.
 -> (artifact id: '3b1374c74758b08404d4931545c10254') in 0.003518 seconds
Number of updated asset objects reloaded before import = 0
Number of asset objects unloaded after import = 1
========================================================================
Received Import Request.
  Time since last request: 0.000014 seconds.
  path: Assets/Parks And Nature Pack/DataSource/Materials/GrassD_mt1.mat
  artifactKey: Guid(30e3b390e03211e4aac7b371b0b29332) Importer(2089858483,0ecaa5967403d082aa24f35e1b516d23)
Start importing Assets/Parks And Nature Pack/DataSource/Materials/GrassD_mt1.mat using Guid(30e3b390e03211e4aac7b371b0b29332) Importer(2089858483,0ecaa5967403d082aa24f35e1b516d23) [PhysX] Initialized MultithreadedTaskDispatcher with 16 workers.
 -> (artifact id: 'ffef09eca15f71d08a5446cf31af12cc') in 0.005373 seconds
Number of updated asset objects reloaded before import = 0
Number of asset objects unloaded after import = 2
========================================================================
Received Import Request.
  Time since last request: 0.243261 seconds.
  path: Assets/Low Poly 3D Garbage & Tow Trucks/PostProcessing/Editor Resources/Monitors/ParadeRender.shader
  artifactKey: Guid(5ae1bfc1dd20ac04e8b74aa0f2f12eea) Importer(2089858483,0ecaa5967403d082aa24f35e1b516d23)
Start importing Assets/Low Poly 3D Garbage & Tow Trucks/PostProcessing/Editor Resources/Monitors/ParadeRender.shader using Guid(5ae1bfc1dd20ac04e8b74aa0f2f12eea) Importer(2089858483,0ecaa5967403d082aa24f35e1b516d23) [PhysX] Initialized MultithreadedTaskDispatcher with 16 workers.
 -> (artifact id: '5ab8ff9ffe534bc751b83d4a3bdcc6a7') in 0.006637 seconds
Number of updated asset objects reloaded before import = 0
Number of asset objects unloaded after import = 1
========================================================================
Received Import Request.
  Time since last request: 0.000061 seconds.
  path: Assets/Low Poly 3D Garbage & Tow Trucks/PostProcessing/Resources/Bluenoise64/COPYING.txt
  artifactKey: Guid(fa3fc398fe396744c9299e70b63bfdd7) Importer(2089858483,0ecaa5967403d082aa24f35e1b516d23)
Start importing Assets/Low Poly 3D Garbage & Tow Trucks/PostProcessing/Resources/Bluenoise64/COPYING.txt using Guid(fa3fc398fe396744c9299e70b63bfdd7) Importer(2089858483,0ecaa5967403d082aa24f35e1b516d23) [PhysX] Initialized MultithreadedTaskDispatcher with 16 workers.
 -> (artifact id: '997b3b0769f3889118bd8d81deaab445') in 0.004467 seconds
Number of updated asset objects reloaded before import = 0
Number of asset objects unloaded after import = 1
========================================================================
Received Import Request.
  Time since last request: 0.000044 seconds.
  path: Assets/Low Poly 3D Garbage & Tow Trucks/PostProcessing/Resources/Bluenoise64/LDR_LLL1_36.png
  artifactKey: Guid(351e95d0e20a54849bd4ce5f9b498934) Importer(2089858483,0ecaa5967403d082aa24f35e1b516d23)
Start importing Assets/Low Poly 3D Garbage & Tow Trucks/PostProcessing/Resources/Bluenoise64/LDR_LLL1_36.png using Guid(351e95d0e20a54849bd4ce5f9b498934) Importer(2089858483,0ecaa5967403d082aa24f35e1b516d23) [PhysX] Initialized MultithreadedTaskDispatcher with 16 workers.
 -> (artifact id: '3743900fcd8948271fe1686fb802260a') in 0.009450 seconds
Number of updated asset objects reloaded before import = 0
Number of asset objects unloaded after import = 1
========================================================================
Received Import Request.
  Time since last request: 0.000032 seconds.
  path: Assets/Low Poly 3D Garbage & Tow Trucks/PostProcessing/Resources/Shaders/MotionBlur.shader
  artifactKey: Guid(6ab8493603d8f8e408750b81666a95f1) Importer(2089858483,0ecaa5967403d082aa24f35e1b516d23)
Start importing Assets/Low Poly 3D Garbage & Tow Trucks/PostProcessing/Resources/Shaders/MotionBlur.shader using Guid(6ab8493603d8f8e408750b81666a95f1) Importer(2089858483,0ecaa5967403d082aa24f35e1b516d23) [PhysX] Initialized MultithreadedTaskDispatcher with 16 workers.
 -> (artifact id: '588be14bfdc63c75f833752df806edc4') in 0.004859 seconds
Number of updated asset objects reloaded before import = 0
Number of asset objects unloaded after import = 1
========================================================================
Received Import Request.
  Time since last request: 0.000173 seconds.
  path: Assets/Low Poly 3D Garbage & Tow Trucks/PostProcessing/Resources/Shaders/Fog.shader
  artifactKey: Guid(2a72fc91cbae3cc4686a6143e8517993) Importer(2089858483,0ecaa5967403d082aa24f35e1b516d23)
Start importing Assets/Low Poly 3D Garbage & Tow Trucks/PostProcessing/Resources/Shaders/Fog.shader using Guid(2a72fc91cbae3cc4686a6143e8517993) Importer(2089858483,0ecaa5967403d082aa24f35e1b516d23) [PhysX] Initialized MultithreadedTaskDispatcher with 16 workers.
 -> (artifact id: '205a374c5c8b34d141599089dc356448') in 0.004786 seconds
Number of updated asset objects reloaded before import = 0
Number of asset objects unloaded after import = 1
========================================================================
Received Import Request.
  Time since last request: 0.000067 seconds.
  path: Assets/Low Poly 3D Garbage & Tow Trucks/PostProcessing/Resources/Bluenoise64/LDR_LLL1_22.png
  artifactKey: Guid(df01d03f056c6f445b4b8a0ae054207c) Importer(2089858483,0ecaa5967403d082aa24f35e1b516d23)
Start importing Assets/Low Poly 3D Garbage & Tow Trucks/PostProcessing/Resources/Bluenoise64/LDR_LLL1_22.png using Guid(df01d03f056c6f445b4b8a0ae054207c) Importer(2089858483,0ecaa5967403d082aa24f35e1b516d23) [PhysX] Initialized MultithreadedTaskDispatcher with 16 workers.
 -> (artifact id: 'fd80cd20b7f9073269de57dfdd160575') in 0.010729 seconds
Number of updated asset objects reloaded before import = 0
Number of asset objects unloaded after import = 1
========================================================================
Received Import Request.
  Time since last request: 0.000044 seconds.
  path: Assets/Low Poly 3D Garbage & Tow Trucks/PostProcessing/Resources/Bluenoise64/LDR_LLL1_39.png
  artifactKey: Guid(547dbd5f858c74047ba3f213e4408307) Importer(2089858483,0ecaa5967403d082aa24f35e1b516d23)
Start importing Assets/Low Poly 3D Garbage & Tow Trucks/PostProcessing/Resources/Bluenoise64/LDR_LLL1_39.png using Guid(547dbd5f858c74047ba3f213e4408307) Importer(2089858483,0ecaa5967403d082aa24f35e1b516d23) [PhysX] Initialized MultithreadedTaskDispatcher with 16 workers.
 -> (artifact id: '81dcf4d28a5aff19d98a74ed7f0de9d5') in 0.008305 seconds
Number of updated asset objects reloaded before import = 0
Number of asset objects unloaded after import = 1
========================================================================
Received Import Request.
  Time since last request: 0.000023 seconds.
  path: Assets/Low Poly 3D Garbage & Tow Trucks/PostProcessing/Resources/Bluenoise64/LDR_LLL1_12.png
  artifactKey: Guid(980acadb960f8424c94307ec0e585b4e) Importer(2089858483,0ecaa5967403d082aa24f35e1b516d23)
Start importing Assets/Low Poly 3D Garbage & Tow Trucks/PostProcessing/Resources/Bluenoise64/LDR_LLL1_12.png using Guid(980acadb960f8424c94307ec0e585b4e) Importer(2089858483,0ecaa5967403d082aa24f35e1b516d23) [PhysX] Initialized MultithreadedTaskDispatcher with 16 workers.
 -> (artifact id: 'd1ee8e3ab87e045d05bebf7e65860a3d') in 0.011246 seconds
Number of updated asset objects reloaded before import = 0
Number of asset objects unloaded after import = 1
========================================================================
Received Import Request.
  Time since last request: 0.000028 seconds.
  path: Assets/Low Poly 3D Garbage & Tow Trucks/PostProcessing/Resources/Bluenoise64/LDR_LLL1_42.png
  artifactKey: Guid(b266511438fae724f9d3ce6bd26583e8) Importer(2089858483,0ecaa5967403d082aa24f35e1b516d23)
Start importing Assets/Low Poly 3D Garbage & Tow Trucks/PostProcessing/Resources/Bluenoise64/LDR_LLL1_42.png using Guid(b266511438fae724f9d3ce6bd26583e8) Importer(2089858483,0ecaa5967403d082aa24f35e1b516d23) [PhysX] Initialized MultithreadedTaskDispatcher with 16 workers.
 -> (artifact id: '7a792d9aca9316baab4d1f9803a73bf3') in 0.013934 seconds
Number of updated asset objects reloaded before import = 0
Number of asset objects unloaded after import = 1
========================================================================
Received Import Request.
  Time since last request: 0.000046 seconds.
  path: Assets/Low Poly 3D Garbage & Tow Trucks/PostProcessing/Resources/Bluenoise64/LDR_LLL1_61.png
  artifactKey: Guid(119591e0bb084e848835d237546b3882) Importer(2089858483,0ecaa5967403d082aa24f35e1b516d23)
Start importing Assets/Low Poly 3D Garbage & Tow Trucks/PostProcessing/Resources/Bluenoise64/LDR_LLL1_61.png using Guid(119591e0bb084e848835d237546b3882) Importer(2089858483,0ecaa5967403d082aa24f35e1b516d23) [PhysX] Initialized MultithreadedTaskDispatcher with 16 workers.
 -> (artifact id: 'eacd75f73c94f2e431cf4645bc1b2976') in 0.009690 seconds
Number of updated asset objects reloaded before import = 0
Number of asset objects unloaded after import = 1
========================================================================
Received Import Request.
  Time since last request: 0.000019 seconds.
  path: Assets/Low Poly 3D Garbage & Tow Trucks/PostProcessing/Resources/Bluenoise64/LDR_LLL1_27.png
  artifactKey: Guid(bdd06fb88ef36ed4a85dd506352c2d80) Importer(2089858483,0ecaa5967403d082aa24f35e1b516d23)
Start importing Assets/Low Poly 3D Garbage & Tow Trucks/PostProcessing/Resources/Bluenoise64/LDR_LLL1_27.png using Guid(bdd06fb88ef36ed4a85dd506352c2d80) Importer(2089858483,0ecaa5967403d082aa24f35e1b516d23) [PhysX] Initialized MultithreadedTaskDispatcher with 16 workers.
 -> (artifact id: '61cbf9b3ad53ae84b53f217b5f81ea43') in 0.010610 seconds
Number of updated asset objects reloaded before import = 0
Number of asset objects unloaded after import = 1
========================================================================
Received Import Request.
  Time since last request: 0.000029 seconds.
  path: Assets/Low Poly 3D Garbage & Tow Trucks/PostProcessing/Resources/Shaders/ScreenSpaceRaytrace.cginc
  artifactKey: Guid(a92d6fdbe2c35f94190497c18b88f9af) Importer(2089858483,0ecaa5967403d082aa24f35e1b516d23)
Start importing Assets/Low Poly 3D Garbage & Tow Trucks/PostProcessing/Resources/Shaders/ScreenSpaceRaytrace.cginc using Guid(a92d6fdbe2c35f94190497c18b88f9af) Importer(2089858483,0ecaa5967403d082aa24f35e1b516d23) [PhysX] Initialized MultithreadedTaskDispatcher with 16 workers.
 -> (artifact id: '726a4ea8326bced365bca5633791ee25') in 0.003920 seconds
Number of updated asset objects reloaded before import = 0
Number of asset objects unloaded after import = 1
========================================================================
Received Import Request.
  Time since last request: 0.000018 seconds.
  path: Assets/Low Poly 3D Garbage & Tow Trucks/PostProcessing/Resources/Bluenoise64/LDR_LLL1_41.png
  artifactKey: Guid(cd9006dc442cc244e89b3f492384d46a) Importer(2089858483,0ecaa5967403d082aa24f35e1b516d23)
Start importing Assets/Low Poly 3D Garbage & Tow Trucks/PostProcessing/Resources/Bluenoise64/LDR_LLL1_41.png using Guid(cd9006dc442cc244e89b3f492384d46a) Importer(2089858483,0ecaa5967403d082aa24f35e1b516d23) [PhysX] Initialized MultithreadedTaskDispatcher with 16 workers.
 -> (artifact id: 'b4d585cb01e461af17e31f9126488562') in 0.010792 seconds
Number of updated asset objects reloaded before import = 0
Number of asset objects unloaded after import = 1
========================================================================
Received Import Request.
  Time since last request: 0.000016 seconds.
  path: Assets/Low Poly 3D Garbage & Tow Trucks/PostProcessing/Resources/Shaders/TAA.cginc
  artifactKey: Guid(241b7a6a033e9dc4da9d2595cef7f477) Importer(2089858483,0ecaa5967403d082aa24f35e1b516d23)
Start importing Assets/Low Poly 3D Garbage & Tow Trucks/PostProcessing/Resources/Shaders/TAA.cginc using Guid(241b7a6a033e9dc4da9d2595cef7f477) Importer(2089858483,0ecaa5967403d082aa24f35e1b516d23) [PhysX] Initialized MultithreadedTaskDispatcher with 16 workers.
 -> (artifact id: 'ef4021e0814d9a81586aa9d4bb044d05') in 0.003095 seconds
Number of updated asset objects reloaded before import = 0
Number of asset objects unloaded after import = 1
========================================================================
Received Import Request.
  Time since last request: 0.000040 seconds.
  path: Assets/Low Poly 3D Garbage & Tow Trucks/PostProcessing/Resources/Bluenoise64/LDR_LLL1_29.png
  artifactKey: Guid(aa80dc44aa4fe4c43bb9d51d90cf2958) Importer(2089858483,0ecaa5967403d082aa24f35e1b516d23)
Start importing Assets/Low Poly 3D Garbage & Tow Trucks/PostProcessing/Resources/Bluenoise64/LDR_LLL1_29.png using Guid(aa80dc44aa4fe4c43bb9d51d90cf2958) Importer(2089858483,0ecaa5967403d082aa24f35e1b516d23) [PhysX] Initialized MultithreadedTaskDispatcher with 16 workers.
 -> (artifact id: '9346673f9124adf5c9c6fd660d0b322f') in 0.012666 seconds
Number of updated asset objects reloaded before import = 0
Number of asset objects unloaded after import = 1
========================================================================
Received Import Request.
  Time since last request: 0.000037 seconds.
  path: Assets/Low Poly 3D Garbage & Tow Trucks/PostProcessing/Resources/Shaders/EyeAdaptation.cginc
  artifactKey: Guid(d2f406cad28afda489b94594fb3ce0af) Importer(2089858483,0ecaa5967403d082aa24f35e1b516d23)
Start importing Assets/Low Poly 3D Garbage & Tow Trucks/PostProcessing/Resources/Shaders/EyeAdaptation.cginc using Guid(d2f406cad28afda489b94594fb3ce0af) Importer(2089858483,0ecaa5967403d082aa24f35e1b516d23) [PhysX] Initialized MultithreadedTaskDispatcher with 16 workers.
 -> (artifact id: 'b7257a8cf83c84f60f955ec027856da2') in 0.004207 seconds
Number of updated asset objects reloaded before import = 0
Number of asset objects unloaded after import = 1
========================================================================
Received Import Request.
  Time since last request: 0.000015 seconds.
  path: Assets/Low Poly 3D Garbage & Tow Trucks/PostProcessing/Resources/Bluenoise64/LDR_LLL1_52.png
  artifactKey: Guid(d2e8e90fac2e6a341a38e1c3963c218d) Importer(2089858483,0ecaa5967403d082aa24f35e1b516d23)
Start importing Assets/Low Poly 3D Garbage & Tow Trucks/PostProcessing/Resources/Bluenoise64/LDR_LLL1_52.png using Guid(d2e8e90fac2e6a341a38e1c3963c218d) Importer(2089858483,0ecaa5967403d082aa24f35e1b516d23) [PhysX] Initialized MultithreadedTaskDispatcher with 16 workers.
 -> (artifact id: '71f2efbcc3eb5160c0c273d520e4cd98') in 0.012136 seconds
Number of updated asset objects reloaded before import = 0
Number of asset objects unloaded after import = 1
========================================================================
Received Import Request.
  Time since last request: 0.000036 seconds.
  path: Assets/Low Poly 3D Garbage & Tow Trucks/PostProcessing/Resources/Shaders/AmbientOcclusion.shader
  artifactKey: Guid(e881ae5627d1cc84395303acfbca6fb2) Importer(2089858483,0ecaa5967403d082aa24f35e1b516d23)
Start importing Assets/Low Poly 3D Garbage & Tow Trucks/PostProcessing/Resources/Shaders/AmbientOcclusion.shader using Guid(e881ae5627d1cc84395303acfbca6fb2) Importer(2089858483,0ecaa5967403d082aa24f35e1b516d23) [PhysX] Initialized MultithreadedTaskDispatcher with 16 workers.
 -> (artifact id: '2d95c84adab683746f02bbedcbf0a5e7') in 0.005539 seconds
Number of updated asset objects reloaded before import = 0
Number of asset objects unloaded after import = 1
========================================================================
Received Import Request.
  Time since last request: 0.000050 seconds.
  path: Assets/Low Poly 3D Garbage & Tow Trucks/PostProcessing/Resources/Shaders/Blit.shader
  artifactKey: Guid(7d89469544dfa214eabdbf37fca76f40) Importer(2089858483,0ecaa5967403d082aa24f35e1b516d23)
Start importing Assets/Low Poly 3D Garbage & Tow Trucks/PostProcessing/Resources/Shaders/Blit.shader using Guid(7d89469544dfa214eabdbf37fca76f40) Importer(2089858483,0ecaa5967403d082aa24f35e1b516d23) [PhysX] Initialized MultithreadedTaskDispatcher with 16 workers.
 -> (artifact id: '31d04613c6ccdd29c0deb709f3d8c6d9') in 0.004290 seconds
Number of updated asset objects reloaded before import = 0
Number of asset objects unloaded after import = 1
========================================================================
Received Import Request.
  Time since last request: 0.000081 seconds.
  path: Assets/Low Poly 3D Garbage & Tow Trucks/PostProcessing/Resources/Bluenoise64/LDR_LLL1_49.png
  artifactKey: Guid(3f7c3687170b90e4a8d2ee6b142670f4) Importer(2089858483,0ecaa5967403d082aa24f35e1b516d23)
Start importing Assets/Low Poly 3D Garbage & Tow Trucks/PostProcessing/Resources/Bluenoise64/LDR_LLL1_49.png using Guid(3f7c3687170b90e4a8d2ee6b142670f4) Importer(2089858483,0ecaa5967403d082aa24f35e1b516d23) [PhysX] Initialized MultithreadedTaskDispatcher with 16 workers.
 -> (artifact id: '8272f368f7a7377109e98a886049c0c9') in 0.010685 seconds
Number of updated asset objects reloaded before import = 0
Number of asset objects unloaded after import = 1
========================================================================
Received Import Request.
  Time since last request: 0.000063 seconds.
  path: Assets/Low Poly 3D Garbage & Tow Trucks/PostProcessing/Resources/Shaders/DepthOfField.shader
  artifactKey: Guid(ac8ed710934a3564686a096bb351caee) Importer(2089858483,0ecaa5967403d082aa24f35e1b516d23)
Start importing Assets/Low Poly 3D Garbage & Tow Trucks/PostProcessing/Resources/Shaders/DepthOfField.shader using Guid(ac8ed710934a3564686a096bb351caee) Importer(2089858483,0ecaa5967403d082aa24f35e1b516d23) [PhysX] Initialized MultithreadedTaskDispatcher with 16 workers.
 -> (artifact id: '6eb430824f61cde860c46242cd046812') in 0.004836 seconds
Number of updated asset objects reloaded before import = 0
Number of asset objects unloaded after import = 1
========================================================================
Received Import Request.
  Time since last request: 0.000055 seconds.
  path: Assets/Low Poly 3D Garbage & Tow Trucks/PostProcessing/Resources/Shaders/MotionBlur.cginc
  artifactKey: Guid(c83956915580e42489479d2a109470ab) Importer(2089858483,0ecaa5967403d082aa24f35e1b516d23)
Start importing Assets/Low Poly 3D Garbage & Tow Trucks/PostProcessing/Resources/Shaders/MotionBlur.cginc using Guid(c83956915580e42489479d2a109470ab) Importer(2089858483,0ecaa5967403d082aa24f35e1b516d23) [PhysX] Initialized MultithreadedTaskDispatcher with 16 workers.
 -> (artifact id: 'ef39fe2b90b03222b7208fc0578915da') in 0.003765 seconds
Number of updated asset objects reloaded before import = 0
Number of asset objects unloaded after import = 1
========================================================================
Received Import Request.
  Time since last request: 0.000052 seconds.
  path: Assets/Low Poly 3D Garbage & Tow Trucks/PostProcessing/Resources/Bluenoise64/LDR_LLL1_51.png
  artifactKey: Guid(d5a51525b27e3ee4aadbeb39cbcf0750) Importer(2089858483,0ecaa5967403d082aa24f35e1b516d23)
Start importing Assets/Low Poly 3D Garbage & Tow Trucks/PostProcessing/Resources/Bluenoise64/LDR_LLL1_51.png using Guid(d5a51525b27e3ee4aadbeb39cbcf0750) Importer(2089858483,0ecaa5967403d082aa24f35e1b516d23) [PhysX] Initialized MultithreadedTaskDispatcher with 16 workers.
 -> (artifact id: '0cbdc4467b6cac9ab238bc54e4db9bbe') in 0.011034 seconds
Number of updated asset objects reloaded before import = 0
Number of asset objects unloaded after import = 1
========================================================================
Received Import Request.
  Time since last request: 0.000040 seconds.
  path: Assets/Low Poly 3D Garbage & Tow Trucks/PostProcessing/Resources/Shaders/EyeAdaptation.shader
  artifactKey: Guid(81899cddfbc72494497a6db0ae045f2c) Importer(2089858483,0ecaa5967403d082aa24f35e1b516d23)
Start importing Assets/Low Poly 3D Garbage & Tow Trucks/PostProcessing/Resources/Shaders/EyeAdaptation.shader using Guid(81899cddfbc72494497a6db0ae045f2c) Importer(2089858483,0ecaa5967403d082aa24f35e1b516d23) [PhysX] Initialized MultithreadedTaskDispatcher with 16 workers.
 -> (artifact id: 'be83744772ffd83956ce89cabfae7783') in 0.003979 seconds
Number of updated asset objects reloaded before import = 0
Number of asset objects unloaded after import = 1
========================================================================
Received Import Request.
  Time since last request: 0.000054 seconds.
  path: Assets/Low Poly 3D Garbage & Tow Trucks/PostProcessing/Resources/Shaders/DepthOfField.cginc
  artifactKey: Guid(ddc2c19b8a216d748a357ffe32ba4dc1) Importer(2089858483,0ecaa5967403d082aa24f35e1b516d23)
Start importing Assets/Low Poly 3D Garbage & Tow Trucks/PostProcessing/Resources/Shaders/DepthOfField.cginc using Guid(ddc2c19b8a216d748a357ffe32ba4dc1) Importer(2089858483,0ecaa5967403d082aa24f35e1b516d23) [PhysX] Initialized MultithreadedTaskDispatcher with 16 workers.
 -> (artifact id: '6ddc17eb41c6d6f4abd326b6c17fc0fe') in 0.004154 seconds
Number of updated asset objects reloaded before import = 0
Number of asset objects unloaded after import = 1
========================================================================
Received Import Request.
  Time since last request: 0.000041 seconds.
  path: Assets/Low Poly 3D Garbage & Tow Trucks/PostProcessing/Resources/Bluenoise64/LDR_LLL1_9.png
  artifactKey: Guid(71583cfd8899717428d5b1a95fa39cda) Importer(2089858483,0ecaa5967403d082aa24f35e1b516d23)
Start importing Assets/Low Poly 3D Garbage & Tow Trucks/PostProcessing/Resources/Bluenoise64/LDR_LLL1_9.png using Guid(71583cfd8899717428d5b1a95fa39cda) Importer(2089858483,0ecaa5967403d082aa24f35e1b516d23) [PhysX] Initialized MultithreadedTaskDispatcher with 16 workers.
 -> (artifact id: 'c092915a669c62d33116167a825a854a') in 0.013410 seconds
Number of updated asset objects reloaded before import = 0
Number of asset objects unloaded after import = 1
========================================================================
Received Import Request.
  Time since last request: 0.000021 seconds.
  path: Assets/Low Poly 3D Garbage & Tow Trucks/PostProcessing/Resources/Bluenoise64/LDR_LLL1_33.png
  artifactKey: Guid(b71bb466b71fd13449dd736f63caeb67) Importer(2089858483,0ecaa5967403d082aa24f35e1b516d23)
Start importing Assets/Low Poly 3D Garbage & Tow Trucks/PostProcessing/Resources/Bluenoise64/LDR_LLL1_33.png using Guid(b71bb466b71fd13449dd736f63caeb67) Importer(2089858483,0ecaa5967403d082aa24f35e1b516d23) [PhysX] Initialized MultithreadedTaskDispatcher with 16 workers.
 -> (artifact id: '17381fe1e8284dc1ef8bda58b9424b05') in 0.009868 seconds
Number of updated asset objects reloaded before import = 0
Number of asset objects unloaded after import = 1
========================================================================
Received Import Request.
  Time since last request: 0.269106 seconds.
  path: Assets/Low Poly 3D Garbage & Tow Trucks/PostProcessing/Resources/Shaders/Tonemapping.cginc
  artifactKey: Guid(0a999e641c982a14d9c68dfd53a98afc) Importer(2089858483,0ecaa5967403d082aa24f35e1b516d23)
Start importing Assets/Low Poly 3D Garbage & Tow Trucks/PostProcessing/Resources/Shaders/Tonemapping.cginc using Guid(0a999e641c982a14d9c68dfd53a98afc) Importer(2089858483,0ecaa5967403d082aa24f35e1b516d23) [PhysX] Initialized MultithreadedTaskDispatcher with 16 workers.
 -> (artifact id: 'd031687ae552fb296e2f283d1db6f89b') in 0.003983 seconds
Number of updated asset objects reloaded before import = 0
Number of asset objects unloaded after import = 1
========================================================================
Received Import Request.
  Time since last request: 0.000049 seconds.
  path: Assets/Palmov Island/Low Poly Environment Park/Models/Park grounds/ground park 5.fbx
  artifactKey: Guid(6e537d94e608ecc46ab41e300d07df53) Importer(2089858483,0ecaa5967403d082aa24f35e1b516d23)
Start importing Assets/Palmov Island/Low Poly Environment Park/Models/Park grounds/ground park 5.fbx using Guid(6e537d94e608ecc46ab41e300d07df53) Importer(2089858483,0ecaa5967403d082aa24f35e1b516d23) [PhysX] Initialized MultithreadedTaskDispatcher with 16 workers.
 -> (artifact id: '5a1c38c353c4a5563b6fbd54bb1d2815') in 0.032213 seconds
Number of updated asset objects reloaded before import = 0
Number of asset objects unloaded after import = 7
========================================================================
Received Import Request.
  Time since last request: 0.000018 seconds.
  path: Assets/Palmov Island/Low Poly Environment Park/Prefabs/Environment/fountain 1.prefab
  artifactKey: Guid(938a37fc0e3a5974b8a96388176b1672) Importer(2089858483,0ecaa5967403d082aa24f35e1b516d23)
Start importing Assets/Palmov Island/Low Poly Environment Park/Prefabs/Environment/fountain 1.prefab using Guid(938a37fc0e3a5974b8a96388176b1672) Importer(2089858483,0ecaa5967403d082aa24f35e1b516d23) [PhysX] Initialized MultithreadedTaskDispatcher with 16 workers.
 -> (artifact id: 'd5354355566dc0be38cf2f622a1be5f2') in 0.008442 seconds
Number of updated asset objects reloaded before import = 0
Number of asset objects unloaded after import = 8
========================================================================
Received Import Request.
  Time since last request: 0.000017 seconds.
  path: Assets/Palmov Island/Low Poly Environment Park/Models/Environment/carpet red.fbx
  artifactKey: Guid(358b840743147954199e5da2c3d8d1b6) Importer(2089858483,0ecaa5967403d082aa24f35e1b516d23)
Start importing Assets/Palmov Island/Low Poly Environment Park/Models/Environment/carpet red.fbx using Guid(358b840743147954199e5da2c3d8d1b6) Importer(2089858483,0ecaa5967403d082aa24f35e1b516d23) [PhysX] Initialized MultithreadedTaskDispatcher with 16 workers.
 -> (artifact id: '92b7024e59e984dbbd4704774a6b6e25') in 0.012859 seconds
Number of updated asset objects reloaded before import = 0
Number of asset objects unloaded after import = 7
========================================================================
Received Import Request.
  Time since last request: 0.000049 seconds.
  path: Assets/Palmov Island/Low Poly Environment Park/Prefabs/Stones/stone 4.prefab
  artifactKey: Guid(9c8a0db7064c30641af7bab34d4467e2) Importer(2089858483,0ecaa5967403d082aa24f35e1b516d23)
Start importing Assets/Palmov Island/Low Poly Environment Park/Prefabs/Stones/stone 4.prefab using Guid(9c8a0db7064c30641af7bab34d4467e2) Importer(2089858483,0ecaa5967403d082aa24f35e1b516d23) [PhysX] Initialized MultithreadedTaskDispatcher with 16 workers.
 -> (artifact id: '0299f3e3d6b3183cc2bff40daed35494') in 0.011798 seconds
Number of updated asset objects reloaded before import = 0
Number of asset objects unloaded after import = 8
========================================================================
Received Import Request.
  Time since last request: 0.000021 seconds.
  path: Assets/Low Poly 3D Garbage & Tow Trucks/PostProcessing/Runtime/Models/BuiltinDebugViewsModel.cs
  artifactKey: Guid(33d6d1a4b7b3dec40819019a25605191) Importer(2089858483,0ecaa5967403d082aa24f35e1b516d23)
Start importing Assets/Low Poly 3D Garbage & Tow Trucks/PostProcessing/Runtime/Models/BuiltinDebugViewsModel.cs using Guid(33d6d1a4b7b3dec40819019a25605191) Importer(2089858483,0ecaa5967403d082aa24f35e1b516d23) [PhysX] Initialized MultithreadedTaskDispatcher with 16 workers.
 -> (artifact id: 'aef9ea827e4e2e33af268d58e8bba70a') in 0.004883 seconds
Number of updated asset objects reloaded before import = 0
Number of asset objects unloaded after import = 1
========================================================================
Received Import Request.
  Time since last request: 0.000043 seconds.
  path: Assets/Palmov Island/Low Poly Environment Park/Prefabs/Stones/stone 2.prefab
  artifactKey: Guid(916cd135a71750a4483f84f736ebe36d) Importer(2089858483,0ecaa5967403d082aa24f35e1b516d23)
Start importing Assets/Palmov Island/Low Poly Environment Park/Prefabs/Stones/stone 2.prefab using Guid(916cd135a71750a4483f84f736ebe36d) Importer(2089858483,0ecaa5967403d082aa24f35e1b516d23) [PhysX] Initialized MultithreadedTaskDispatcher with 16 workers.
 -> (artifact id: '78ebe89b984805b025603cc7f89d6288') in 0.008278 seconds
Number of updated asset objects reloaded before import = 0
Number of asset objects unloaded after import = 8
========================================================================
Received Import Request.
  Time since last request: 0.000013 seconds.
  path: Assets/Low Poly 3D Garbage & Tow Trucks/PostProcessing/Runtime/Attributes/MinAttribute.cs
  artifactKey: Guid(9af2f505033843c46a362e251937acb1) Importer(2089858483,0ecaa5967403d082aa24f35e1b516d23)
Start importing Assets/Low Poly 3D Garbage & Tow Trucks/PostProcessing/Runtime/Attributes/MinAttribute.cs using Guid(9af2f505033843c46a362e251937acb1) Importer(2089858483,0ecaa5967403d082aa24f35e1b516d23) [PhysX] Initialized MultithreadedTaskDispatcher with 16 workers.
 -> (artifact id: '07275c4fec24a5587c8409b777821b0d') in 0.005303 seconds
Number of updated asset objects reloaded before import = 0
Number of asset objects unloaded after import = 1
========================================================================
Received Import Request.
  Time since last request: 0.000035 seconds.
  path: Assets/Low Poly 3D Garbage & Tow Trucks/PostProcessing/Runtime/Utils/GraphicsUtils.cs
  artifactKey: Guid(f40f0a1acf6ce2f419f2b71c667e8973) Importer(2089858483,0ecaa5967403d082aa24f35e1b516d23)
Start importing Assets/Low Poly 3D Garbage & Tow Trucks/PostProcessing/Runtime/Utils/GraphicsUtils.cs using Guid(f40f0a1acf6ce2f419f2b71c667e8973) Importer(2089858483,0ecaa5967403d082aa24f35e1b516d23) [PhysX] Initialized MultithreadedTaskDispatcher with 16 workers.
 -> (artifact id: '7135ed7f8599c25530605978ed3edcb2') in 0.004044 seconds
Number of updated asset objects reloaded before import = 0
Number of asset objects unloaded after import = 1
========================================================================
Received Import Request.
  Time since last request: 0.000017 seconds.
  path: Assets/Low Poly 3D Garbage & Tow Trucks/PostProcessing/Textures/Spectral LUTs/SpectralLut_RedBlue.tga
  artifactKey: Guid(ff5f3317371838d4fa16ac6c2acf2040) Importer(2089858483,0ecaa5967403d082aa24f35e1b516d23)
Start importing Assets/Low Poly 3D Garbage & Tow Trucks/PostProcessing/Textures/Spectral LUTs/SpectralLut_RedBlue.tga using Guid(ff5f3317371838d4fa16ac6c2acf2040) Importer(2089858483,0ecaa5967403d082aa24f35e1b516d23) [PhysX] Initialized MultithreadedTaskDispatcher with 16 workers.
 -> (artifact id: '05f5266a1089b3b3a5788c32dd05b69e') in 0.012568 seconds
Number of updated asset objects reloaded before import = 0
Number of asset objects unloaded after import = 1
========================================================================
Received Import Request.
  Time since last request: 0.000049 seconds.
  path: Assets/Palmov Island/Low Poly Environment Park/Models/Park grounds/ground park 3.fbx
  artifactKey: Guid(d2a60a76befad44449f29737a21acbe0) Importer(2089858483,0ecaa5967403d082aa24f35e1b516d23)
Start importing Assets/Palmov Island/Low Poly Environment Park/Models/Park grounds/ground park 3.fbx using Guid(d2a60a76befad44449f29737a21acbe0) Importer(2089858483,0ecaa5967403d082aa24f35e1b516d23) [PhysX] Initialized MultithreadedTaskDispatcher with 16 workers.
 -> (artifact id: '1b9e6f67ca18087d1482e23e07f3855a') in 0.012635 seconds
Number of updated asset objects reloaded before import = 0
Number of asset objects unloaded after import = 7
========================================================================
Received Import Request.
  Time since last request: 0.000018 seconds.
  path: Assets/Palmov Island/Low Poly Environment Park/Models/Park grounds/ground park 6.fbx
  artifactKey: Guid(cbd39632b02e87e428c2cff4857291de) Importer(2089858483,0ecaa5967403d082aa24f35e1b516d23)
Start importing Assets/Palmov Island/Low Poly Environment Park/Models/Park grounds/ground park 6.fbx using Guid(cbd39632b02e87e428c2cff4857291de) Importer(2089858483,0ecaa5967403d082aa24f35e1b516d23) [PhysX] Initialized MultithreadedTaskDispatcher with 16 workers.
 -> (artifact id: '9b34d101c10991e2ca62c48b963ab842') in 0.012015 seconds
Number of updated asset objects reloaded before import = 0
Number of asset objects unloaded after import = 7
========================================================================
Received Import Request.
  Time since last request: 0.000014 seconds.
  path: Assets/Palmov Island/Low Poly Environment Park/Prefabs/Trees/japanese deciduous tree.prefab
  artifactKey: Guid(29d299ac32b5f83489084748c806a29b) Importer(2089858483,0ecaa5967403d082aa24f35e1b516d23)
Start importing Assets/Palmov Island/Low Poly Environment Park/Prefabs/Trees/japanese deciduous tree.prefab using Guid(29d299ac32b5f83489084748c806a29b) Importer(2089858483,0ecaa5967403d082aa24f35e1b516d23) [PhysX] Initialized MultithreadedTaskDispatcher with 16 workers.
 -> (artifact id: 'a5460b962255e58788431632f149352a') in 0.008287 seconds
Number of updated asset objects reloaded before import = 0
Number of asset objects unloaded after import = 8
========================================================================
Received Import Request.
  Time since last request: 0.000015 seconds.
  path: Assets/Palmov Island/Low Poly Environment Park/Models/Environment/bench 2.fbx
  artifactKey: Guid(63f6f79d68e0e994dbb89d9516315a60) Importer(2089858483,0ecaa5967403d082aa24f35e1b516d23)
Start importing Assets/Palmov Island/Low Poly Environment Park/Models/Environment/bench 2.fbx using Guid(63f6f79d68e0e994dbb89d9516315a60) Importer(2089858483,0ecaa5967403d082aa24f35e1b516d23) [PhysX] Initialized MultithreadedTaskDispatcher with 16 workers.
 -> (artifact id: 'e519ead72b38e38cbf40119526c46308') in 0.011587 seconds
Number of updated asset objects reloaded before import = 0
Number of asset objects unloaded after import = 7
========================================================================
Received Import Request.
  Time since last request: 0.000018 seconds.
  path: Assets/Palmov Island/Low Poly Environment Park/Models/Environment/fountain 2.fbx
  artifactKey: Guid(afabe8861a3a203408d7f4b846d4d493) Importer(2089858483,0ecaa5967403d082aa24f35e1b516d23)
Start importing Assets/Palmov Island/Low Poly Environment Park/Models/Environment/fountain 2.fbx using Guid(afabe8861a3a203408d7f4b846d4d493) Importer(2089858483,0ecaa5967403d082aa24f35e1b516d23) [PhysX] Initialized MultithreadedTaskDispatcher with 16 workers.
 -> (artifact id: '7232f0eef9e6775003751d90a2c5259b') in 0.013810 seconds
Number of updated asset objects reloaded before import = 0
Number of asset objects unloaded after import = 7
========================================================================
Received Import Request.
  Time since last request: 0.000016 seconds.
  path: Assets/Low Poly 3D Garbage & Tow Trucks/PostProcessing/Runtime/Components/ChromaticAberrationComponent.cs
  artifactKey: Guid(b9c65642df654a84d84ded1b07448a4c) Importer(2089858483,0ecaa5967403d082aa24f35e1b516d23)
Start importing Assets/Low Poly 3D Garbage & Tow Trucks/PostProcessing/Runtime/Components/ChromaticAberrationComponent.cs using Guid(b9c65642df654a84d84ded1b07448a4c) Importer(2089858483,0ecaa5967403d082aa24f35e1b516d23) [PhysX] Initialized MultithreadedTaskDispatcher with 16 workers.
 -> (artifact id: '364ad5fc35ceef75067f467b86d9cf1f') in 0.005185 seconds
Number of updated asset objects reloaded before import = 0
Number of asset objects unloaded after import = 1
========================================================================
Received Import Request.
  Time since last request: 0.000033 seconds.
  path: Assets/Low Poly 3D Garbage & Tow Trucks/PostProcessing/Textures/Lens Dirt/LensDirt03.png
  artifactKey: Guid(7a051dbda2d7bc447bee412427cd311e) Importer(2089858483,0ecaa5967403d082aa24f35e1b516d23)
Start importing Assets/Low Poly 3D Garbage & Tow Trucks/PostProcessing/Textures/Lens Dirt/LensDirt03.png using Guid(7a051dbda2d7bc447bee412427cd311e) Importer(2089858483,0ecaa5967403d082aa24f35e1b516d23) [PhysX] Initialized MultithreadedTaskDispatcher with 16 workers.
 -> (artifact id: '816c898f6cee8cf518c756a0f030ccd5') in 0.011484 seconds
Number of updated asset objects reloaded before import = 0
Number of asset objects unloaded after import = 1
========================================================================
Received Import Request.
  Time since last request: 0.000061 seconds.
  path: Assets/Palmov Island/Low Poly Environment Park/Prefabs/Environment/wooden table.prefab
  artifactKey: Guid(ee79087d0378f68499e00c8f9bb31663) Importer(2089858483,0ecaa5967403d082aa24f35e1b516d23)
Start importing Assets/Palmov Island/Low Poly Environment Park/Prefabs/Environment/wooden table.prefab using Guid(ee79087d0378f68499e00c8f9bb31663) Importer(2089858483,0ecaa5967403d082aa24f35e1b516d23) [PhysX] Initialized MultithreadedTaskDispatcher with 16 workers.
 -> (artifact id: '525e8cd633d7720bc5ed93f23a1e1715') in 0.013161 seconds
Number of updated asset objects reloaded before import = 0
Number of asset objects unloaded after import = 8
========================================================================
Received Import Request.
  Time since last request: 0.000015 seconds.
  path: Assets/Low Poly 3D Garbage & Tow Trucks/PostProcessing/Runtime/Components/MotionBlurComponent.cs
  artifactKey: Guid(9a9ae59cbb7c53e40851df7f32805098) Importer(2089858483,0ecaa5967403d082aa24f35e1b516d23)
Start importing Assets/Low Poly 3D Garbage & Tow Trucks/PostProcessing/Runtime/Components/MotionBlurComponent.cs using Guid(9a9ae59cbb7c53e40851df7f32805098) Importer(2089858483,0ecaa5967403d082aa24f35e1b516d23) [PhysX] Initialized MultithreadedTaskDispatcher with 16 workers.
 -> (artifact id: '54500174c83943744d78030b3abcbfef') in 0.004795 seconds
Number of updated asset objects reloaded before import = 0
Number of asset objects unloaded after import = 1
========================================================================
Received Import Request.
  Time since last request: 0.000044 seconds.
  path: Assets/Palmov Island/Low Poly Environment Park/Models/Environment/trash can 1.fbx
  artifactKey: Guid(95644c8c819323d429fc5f07e225e781) Importer(2089858483,0ecaa5967403d082aa24f35e1b516d23)
Start importing Assets/Palmov Island/Low Poly Environment Park/Models/Environment/trash can 1.fbx using Guid(95644c8c819323d429fc5f07e225e781) Importer(2089858483,0ecaa5967403d082aa24f35e1b516d23) [PhysX] Initialized MultithreadedTaskDispatcher with 16 workers.
 -> (artifact id: '0db6d77e09cb00b1fdb578b448f3b4f4') in 0.013595 seconds
Number of updated asset objects reloaded before import = 0
Number of asset objects unloaded after import = 7
========================================================================
Received Import Request.
  Time since last request: 0.000015 seconds.
  path: Assets/Low Poly 3D Garbage & Tow Trucks/PostProcessing/Runtime/Models/AntialiasingModel.cs
  artifactKey: Guid(cb9a239ec5f20ca4cb5d0391441588de) Importer(2089858483,0ecaa5967403d082aa24f35e1b516d23)
Start importing Assets/Low Poly 3D Garbage & Tow Trucks/PostProcessing/Runtime/Models/AntialiasingModel.cs using Guid(cb9a239ec5f20ca4cb5d0391441588de) Importer(2089858483,0ecaa5967403d082aa24f35e1b516d23) [PhysX] Initialized MultithreadedTaskDispatcher with 16 workers.
 -> (artifact id: '27cd6b3999b232a258b70c748bd58f8d') in 0.004824 seconds
Number of updated asset objects reloaded before import = 0
Number of asset objects unloaded after import = 1
========================================================================
Received Import Request.
  Time since last request: 0.000077 seconds.
  path: Assets/Low Poly 3D Garbage & Tow Trucks/PostProcessing/Utilities/CustomMotionTexture/ExampleWheelController.cs
  artifactKey: Guid(840c928746809454cb5b9309b640dbd7) Importer(2089858483,0ecaa5967403d082aa24f35e1b516d23)
Start importing Assets/Low Poly 3D Garbage & Tow Trucks/PostProcessing/Utilities/CustomMotionTexture/ExampleWheelController.cs using Guid(840c928746809454cb5b9309b640dbd7) Importer(2089858483,0ecaa5967403d082aa24f35e1b516d23) [PhysX] Initialized MultithreadedTaskDispatcher with 16 workers.
 -> (artifact id: '2b9f1761bad0f221b79b3f2cda857428') in 0.004508 seconds
Number of updated asset objects reloaded before import = 0
Number of asset objects unloaded after import = 1
========================================================================
Received Import Request.
  Time since last request: 0.000016 seconds.
  path: Assets/Palmov Island/Low Poly Environment Park/Prefabs/Trees/deciduous tree.prefab
  artifactKey: Guid(9129eef4470bd584d8675065420e67fe) Importer(2089858483,0ecaa5967403d082aa24f35e1b516d23)
Start importing Assets/Palmov Island/Low Poly Environment Park/Prefabs/Trees/deciduous tree.prefab using Guid(9129eef4470bd584d8675065420e67fe) Importer(2089858483,0ecaa5967403d082aa24f35e1b516d23) [PhysX] Initialized MultithreadedTaskDispatcher with 16 workers.
 -> (artifact id: '90120260f7740617455b49cce604cca1') in 0.008039 seconds
Number of updated asset objects reloaded before import = 0
Number of asset objects unloaded after import = 8
========================================================================
Received Import Request.
  Time since last request: 0.000020 seconds.
  path: Assets/Palmov Island/Low Poly Environment Park/Models/Stones/stone 3.fbx
  artifactKey: Guid(9e9b1fae7ec11ad418831097603aae65) Importer(2089858483,0ecaa5967403d082aa24f35e1b516d23)
Start importing Assets/Palmov Island/Low Poly Environment Park/Models/Stones/stone 3.fbx using Guid(9e9b1fae7ec11ad418831097603aae65) Importer(2089858483,0ecaa5967403d082aa24f35e1b516d23) [PhysX] Initialized MultithreadedTaskDispatcher with 16 workers.
 -> (artifact id: 'cb9bf4d143f21392c84356416816b319') in 0.010812 seconds
Number of updated asset objects reloaded before import = 0
Number of asset objects unloaded after import = 7
========================================================================
Received Import Request.
  Time since last request: 0.000023 seconds.
  path: Assets/Palmov Island/Low Poly Environment Park/Prefabs/Environment/trash can 1.prefab
  artifactKey: Guid(b5a4dc2ebf390d64eb973263e3c3963c) Importer(2089858483,0ecaa5967403d082aa24f35e1b516d23)
Start importing Assets/Palmov Island/Low Poly Environment Park/Prefabs/Environment/trash can 1.prefab using Guid(b5a4dc2ebf390d64eb973263e3c3963c) Importer(2089858483,0ecaa5967403d082aa24f35e1b516d23) [PhysX] Initialized MultithreadedTaskDispatcher with 16 workers.
 -> (artifact id: '33780c4ff2a8535c0659385c1491fd48') in 0.007709 seconds
Number of updated asset objects reloaded before import = 0
Number of asset objects unloaded after import = 8
========================================================================
Received Import Request.
  Time since last request: 0.000016 seconds.
  path: Assets/Low Poly 3D Garbage & Tow Trucks/PostProcessing/Runtime/Components/ColorGradingComponent.cs
  artifactKey: Guid(9baf73db7c9fc1b478f4a0a1000c86f5) Importer(2089858483,0ecaa5967403d082aa24f35e1b516d23)
Start importing Assets/Low Poly 3D Garbage & Tow Trucks/PostProcessing/Runtime/Components/ColorGradingComponent.cs using Guid(9baf73db7c9fc1b478f4a0a1000c86f5) Importer(2089858483,0ecaa5967403d082aa24f35e1b516d23) [PhysX] Initialized MultithreadedTaskDispatcher with 16 workers.
 -> (artifact id: '475991a2b36d6736f9120d51aa9e3804') in 0.004290 seconds
Number of updated asset objects reloaded before import = 0
Number of asset objects unloaded after import = 1
========================================================================
Received Import Request.
  Time since last request: 0.000045 seconds.
  path: Assets/Palmov Island/Low Poly Environment Park/Models/Environment/fountain 1.fbx
  artifactKey: Guid(18a639837c060634f83ee644df193c22) Importer(2089858483,0ecaa5967403d082aa24f35e1b516d23)
Start importing Assets/Palmov Island/Low Poly Environment Park/Models/Environment/fountain 1.fbx using Guid(18a639837c060634f83ee644df193c22) Importer(2089858483,0ecaa5967403d082aa24f35e1b516d23) [PhysX] Initialized MultithreadedTaskDispatcher with 16 workers.
 -> (artifact id: 'dc00f234165e47ae9ef738476a87d6bc') in 0.013929 seconds
Number of updated asset objects reloaded before import = 0
Number of asset objects unloaded after import = 7
========================================================================
Received Import Request.
  Time since last request: 0.000017 seconds.
  path: Assets/Palmov Island/Low Poly Environment Park/Prefabs/Trees/elongated tree.prefab
  artifactKey: Guid(1c24bab945ee8164ba75c6fc6d2fa148) Importer(2089858483,0ecaa5967403d082aa24f35e1b516d23)
Start importing Assets/Palmov Island/Low Poly Environment Park/Prefabs/Trees/elongated tree.prefab using Guid(1c24bab945ee8164ba75c6fc6d2fa148) Importer(2089858483,0ecaa5967403d082aa24f35e1b516d23) [PhysX] Initialized MultithreadedTaskDispatcher with 16 workers.
 -> (artifact id: 'e39cf35396b19031abb79bb4eb919e30') in 0.008162 seconds
Number of updated asset objects reloaded before import = 0
Number of asset objects unloaded after import = 8
========================================================================
Received Import Request.
  Time since last request: 0.000023 seconds.
  path: Assets/Palmov Island/Low Poly Environment Park/Prefabs/Trees/fir tree 2.prefab
  artifactKey: Guid(a36435a2f79d1f84d88f03fd9c81e176) Importer(2089858483,0ecaa5967403d082aa24f35e1b516d23)
Start importing Assets/Palmov Island/Low Poly Environment Park/Prefabs/Trees/fir tree 2.prefab using Guid(a36435a2f79d1f84d88f03fd9c81e176) Importer(2089858483,0ecaa5967403d082aa24f35e1b516d23) [PhysX] Initialized MultithreadedTaskDispatcher with 16 workers.
 -> (artifact id: '9448d0a89a1d3cf604d9874e96fb7050') in 0.010219 seconds
Number of updated asset objects reloaded before import = 0
Number of asset objects unloaded after import = 8
========================================================================
Received Import Request.
  Time since last request: 0.000023 seconds.
  path: Assets/Palmov Island/Low Poly Environment Park/Models/Trees/sakura tree.fbx
  artifactKey: Guid(51e5bf6a6476be2438326a42e519cdc0) Importer(2089858483,0ecaa5967403d082aa24f35e1b516d23)
Start importing Assets/Palmov Island/Low Poly Environment Park/Models/Trees/sakura tree.fbx using Guid(51e5bf6a6476be2438326a42e519cdc0) Importer(2089858483,0ecaa5967403d082aa24f35e1b516d23) [PhysX] Initialized MultithreadedTaskDispatcher with 16 workers.
 -> (artifact id: '931a62b8062c8fd0f90b180e82189a89') in 0.011792 seconds
Number of updated asset objects reloaded before import = 0
Number of asset objects unloaded after import = 7
========================================================================
Received Import Request.
  Time since last request: 0.000024 seconds.
  path: Assets/Palmov Island/Low Poly Environment Park/Models/Stones/stone 1.fbx
  artifactKey: Guid(74dc3d90440e28245ae2fcadaa81b8a3) Importer(2089858483,0ecaa5967403d082aa24f35e1b516d23)
Start importing Assets/Palmov Island/Low Poly Environment Park/Models/Stones/stone 1.fbx using Guid(74dc3d90440e28245ae2fcadaa81b8a3) Importer(2089858483,0ecaa5967403d082aa24f35e1b516d23) [PhysX] Initialized MultithreadedTaskDispatcher with 16 workers.
 -> (artifact id: '481c99af7e38e27110659a1c766071e0') in 0.011997 seconds
Number of updated asset objects reloaded before import = 0
Number of asset objects unloaded after import = 7
========================================================================
Received Import Request.
  Time since last request: 0.000024 seconds.
  path: Assets/Palmov Island/Low Poly Environment Park/Prefabs/Trees/little palm tree.prefab
  artifactKey: Guid(e01e2263452fa0d4c949f6a536e66d45) Importer(2089858483,0ecaa5967403d082aa24f35e1b516d23)
Start importing Assets/Palmov Island/Low Poly Environment Park/Prefabs/Trees/little palm tree.prefab using Guid(e01e2263452fa0d4c949f6a536e66d45) Importer(2089858483,0ecaa5967403d082aa24f35e1b516d23) [PhysX] Initialized MultithreadedTaskDispatcher with 16 workers.
 -> (artifact id: 'f963d3dd11486a8ec2800d2d9191ee2d') in 0.008268 seconds
Number of updated asset objects reloaded before import = 0
Number of asset objects unloaded after import = 8
========================================================================
Received Import Request.
  Time since last request: 0.000016 seconds.
  path: Assets/Low Poly 3D Garbage & Tow Trucks/PostProcessing/Runtime/Models/DepthOfFieldModel.cs
  artifactKey: Guid(2626b17c595c71e43811d654eb28d30d) Importer(2089858483,0ecaa5967403d082aa24f35e1b516d23)
Start importing Assets/Low Poly 3D Garbage & Tow Trucks/PostProcessing/Runtime/Models/DepthOfFieldModel.cs using Guid(2626b17c595c71e43811d654eb28d30d) Importer(2089858483,0ecaa5967403d082aa24f35e1b516d23) [PhysX] Initialized MultithreadedTaskDispatcher with 16 workers.
 -> (artifact id: '7879d04d92cf1ae52346b400dd42ca7a') in 0.005049 seconds
Number of updated asset objects reloaded before import = 0
Number of asset objects unloaded after import = 1
========================================================================
Received Import Request.
  Time since last request: 0.000041 seconds.
  path: Assets/Low Poly 3D Garbage & Tow Trucks/PostProcessing/Runtime/Models/DitheringModel.cs
  artifactKey: Guid(41209882cdbcf31429d2a457a2164801) Importer(2089858483,0ecaa5967403d082aa24f35e1b516d23)
Start importing Assets/Low Poly 3D Garbage & Tow Trucks/PostProcessing/Runtime/Models/DitheringModel.cs using Guid(41209882cdbcf31429d2a457a2164801) Importer(2089858483,0ecaa5967403d082aa24f35e1b516d23) [PhysX] Initialized MultithreadedTaskDispatcher with 16 workers.
 -> (artifact id: '1a2a72e19d630c9d3c6665a3816e0200') in 0.003969 seconds
Number of updated asset objects reloaded before import = 0
Number of asset objects unloaded after import = 1
========================================================================
Received Import Request.
  Time since last request: 0.000058 seconds.
  path: Assets/Low Poly 3D Garbage & Tow Trucks/PostProcessing/Runtime/Components/VignetteComponent.cs
  artifactKey: Guid(39074aa97f4be23438147346f081c7f3) Importer(2089858483,0ecaa5967403d082aa24f35e1b516d23)
Start importing Assets/Low Poly 3D Garbage & Tow Trucks/PostProcessing/Runtime/Components/VignetteComponent.cs using Guid(39074aa97f4be23438147346f081c7f3) Importer(2089858483,0ecaa5967403d082aa24f35e1b516d23) [PhysX] Initialized MultithreadedTaskDispatcher with 16 workers.
 -> (artifact id: 'f2c74bea36f6cb067dc8893cd4d9db66') in 0.005685 seconds
Number of updated asset objects reloaded before import = 0
Number of asset objects unloaded after import = 1
========================================================================
Received Import Request.
  Time since last request: 0.000026 seconds.
  path: Assets/Palmov Island/Low Poly Environment Park/Prefabs/Grass/grass 1.prefab
  artifactKey: Guid(d9c6727f3721c5a4086ad394d37bb744) Importer(2089858483,0ecaa5967403d082aa24f35e1b516d23)
Start importing Assets/Palmov Island/Low Poly Environment Park/Prefabs/Grass/grass 1.prefab using Guid(d9c6727f3721c5a4086ad394d37bb744) Importer(2089858483,0ecaa5967403d082aa24f35e1b516d23) [PhysX] Initialized MultithreadedTaskDispatcher with 16 workers.
 -> (artifact id: 'b3e47541fde1cedc81d0ed098a07d5c9') in 0.008545 seconds
Number of updated asset objects reloaded before import = 0
Number of asset objects unloaded after import = 8
========================================================================
Received Import Request.
  Time since last request: 0.000022 seconds.
  path: Assets/Palmov Island/Low Poly Environment Park/Models/Park grounds/ground park 2.fbx
  artifactKey: Guid(5dc954c13297bd14da4f7822edc06fcd) Importer(2089858483,0ecaa5967403d082aa24f35e1b516d23)
Start importing Assets/Palmov Island/Low Poly Environment Park/Models/Park grounds/ground park 2.fbx using Guid(5dc954c13297bd14da4f7822edc06fcd) Importer(2089858483,0ecaa5967403d082aa24f35e1b516d23) [PhysX] Initialized MultithreadedTaskDispatcher with 16 workers.
 -> (artifact id: '6ec500b52afd5e11e4c7825bba3c6cd8') in 0.010884 seconds
Number of updated asset objects reloaded before import = 0
Number of asset objects unloaded after import = 7
========================================================================
Received Import Request.
  Time since last request: 0.125376 seconds.
  path: Assets/Palmov Island/Low Poly Environment Park/Prefabs/Trees/tree orange foliage.prefab
  artifactKey: Guid(7a3134ee04abb294291489477a09cec4) Importer(2089858483,0ecaa5967403d082aa24f35e1b516d23)
Start importing Assets/Palmov Island/Low Poly Environment Park/Prefabs/Trees/tree orange foliage.prefab using Guid(7a3134ee04abb294291489477a09cec4) Importer(2089858483,0ecaa5967403d082aa24f35e1b516d23) [PhysX] Initialized MultithreadedTaskDispatcher with 16 workers.
 -> (artifact id: '6850712dce27bc0609ab53a25b099c86') in 0.008150 seconds
Number of updated asset objects reloaded before import = 0
Number of asset objects unloaded after import = 8
========================================================================
Received Import Request.
  Time since last request: 0.000015 seconds.
  path: Assets/Palmov Island/Low Poly Environment Park/Prefabs/Trees/tree without leaves 2.prefab
  artifactKey: Guid(cc9fadb8a79caa94992903911ee6d7d7) Importer(2089858483,0ecaa5967403d082aa24f35e1b516d23)
Start importing Assets/Palmov Island/Low Poly Environment Park/Prefabs/Trees/tree without leaves 2.prefab using Guid(cc9fadb8a79caa94992903911ee6d7d7) Importer(2089858483,0ecaa5967403d082aa24f35e1b516d23) [PhysX] Initialized MultithreadedTaskDispatcher with 16 workers.
 -> (artifact id: 'c12be4452e6686e33a914d699aaa99d8') in 0.008808 seconds
Number of updated asset objects reloaded before import = 0
Number of asset objects unloaded after import = 8
========================================================================
Received Import Request.
  Time since last request: 0.000017 seconds.
  path: Assets/Low Poly 3D Garbage & Tow Trucks/PostProcessing/Utilities/CustomMotionTexture/Materials/UVChecker.mat
  artifactKey: Guid(944463113244f4bf8b05c1757cd838a4) Importer(2089858483,0ecaa5967403d082aa24f35e1b516d23)
Start importing Assets/Low Poly 3D Garbage & Tow Trucks/PostProcessing/Utilities/CustomMotionTexture/Materials/UVChecker.mat using Guid(944463113244f4bf8b05c1757cd838a4) Importer(2089858483,0ecaa5967403d082aa24f35e1b516d23) [PhysX] Initialized MultithreadedTaskDispatcher with 16 workers.
 -> (artifact id: 'b7f8dae5a6d41870480768c1ac9ac812') in 0.009846 seconds
Number of updated asset objects reloaded before import = 0
Number of asset objects unloaded after import = 2
========================================================================
Received Import Request.
  Time since last request: 0.000023 seconds.
  path: Assets/Palmov Island/Low Poly Environment Park/Prefabs/Trees/tree white foliage.prefab
  artifactKey: Guid(8f5153b17a46584468e856f9401155d2) Importer(2089858483,0ecaa5967403d082aa24f35e1b516d23)
Start importing Assets/Palmov Island/Low Poly Environment Park/Prefabs/Trees/tree white foliage.prefab using Guid(8f5153b17a46584468e856f9401155d2) Importer(2089858483,0ecaa5967403d082aa24f35e1b516d23) [PhysX] Initialized MultithreadedTaskDispatcher with 16 workers.
 -> (artifact id: '5848ba85ddb5e3e6cd7a4dc66a8124ad') in 0.006967 seconds
Number of updated asset objects reloaded before import = 0
Number of asset objects unloaded after import = 8
Editor requested this worker to shutdown with reason: Scaling down because of idle timeout
TcpMessagingSession - receive error: operation aborted. errorcode: 995, details: The I/O operation has been aborted because of either a thread exit or an application request.
AssetImportWorker is now disconnected from the server
Process exiting
Exiting without the bug reporter. Application will terminate with return code 0